{
  "stats": {
    "suites": 1,
    "tests": 1,
    "passes": 0,
    "pending": 0,
    "failures": 1,
    "start": "2023-05-12T07:52:29.863Z",
    "end": "2023-05-12T07:52:37.635Z",
    "duration": 7772,
    "testsRegistered": 1,
    "passPercent": 0,
    "pendingPercent": 0,
    "other": 0,
    "hasOther": false,
    "skipped": 0,
    "hasSkipped": false
  },
  "results": [
    {
      "uuid": "868b482c-1e9b-4685-8b4f-fc78ce055da9",
      "title": "",
      "fullFile": "cypress\\tests\\components\\ProductDetailTest.js",
      "file": "cypress\\tests\\components\\ProductDetailTest.js",
      "beforeHooks": [],
      "afterHooks": [],
      "tests": [],
      "suites": [
        {
          "uuid": "79a8b2a0-53f3-411c-ab4e-351cb41c1e2b",
          "title": "Product Component Test",
          "fullFile": "",
          "file": "",
          "beforeHooks": [],
          "afterHooks": [],
          "tests": [
            {
              "title": "should be able to verify product details",
              "fullTitle": "Product Component Test should be able to verify product details",
              "timedOut": null,
              "duration": 7652,
              "state": "failed",
              "speed": null,
              "pass": false,
              "fail": true,
              "pending": false,
              "context": null,
              "code": "_HomePageAPI.HomePageAPI.getHomePageProduct().then(apiData => {\n  const ranDomProduct = apiData[Math.floor(Math.random() * apiData.length)];\n  const ranDomProductTitle = ranDomProduct.title.trim().replace(\"\\n\", \"\");\n  cy.contains(ranDomProductTitle).click();\n  const productDetails = new _ProductDetailComponent.default();\n  productDetails.getProductImg().should('be.visible');\n  productDetails.getProductName().should('be.visible', ranDomProductTitle);\n  productDetails.getProductPrice().should('contain.text', ranDomProduct.price);\n  productDetails.getProductDescription().should('not.be.empty');\n});",
              "err": {
                "message": "CypressError: Timed out retrying after 5000ms: `cy.wait()` timed out waiting `5000ms` for the 1st request to the route: `entries`. No request ever occurred.\n\nhttps://on.cypress.io/wait",
                "estack": "CypressError: Timed out retrying after 5000ms: `cy.wait()` timed out waiting `5000ms` for the 1st request to the route: `entries`. No request ever occurred.\n\nhttps://on.cypress.io/wait\n    at cypressErr (https://demoblaze.com/__cypress/runner/cypress_runner.js:164252:18)\n    at Object.errByPath (https://demoblaze.com/__cypress/runner/cypress_runner.js:164307:10)\n    at checkForXhr (https://demoblaze.com/__cypress/runner/cypress_runner.js:151203:92)\n    at <unknown> (https://demoblaze.com/__cypress/runner/cypress_runner.js:151226:28)\n    at tryCatcher (https://demoblaze.com/__cypress/runner/cypress_runner.js:18744:23)\n    at Promise.attempt.Promise.try (https://demoblaze.com/__cypress/runner/cypress_runner.js:16018:29)\n    at whenStable (https://demoblaze.com/__cypress/runner/cypress_runner.js:156168:65)\n    at <unknown> (https://demoblaze.com/__cypress/runner/cypress_runner.js:155609:14)\n    at tryCatcher (https://demoblaze.com/__cypress/runner/cypress_runner.js:18744:23)\n    at Promise._settlePromiseFromHandler (https://demoblaze.com/__cypress/runner/cypress_runner.js:16679:31)\n    at Promise._settlePromise (https://demoblaze.com/__cypress/runner/cypress_runner.js:16736:18)\n    at Promise._settlePromise0 (https://demoblaze.com/__cypress/runner/cypress_runner.js:16781:10)\n    at Promise._settlePromises (https://demoblaze.com/__cypress/runner/cypress_runner.js:16861:18)\n    at Promise._fulfill (https://demoblaze.com/__cypress/runner/cypress_runner.js:16805:18)\n    at <unknown> (https://demoblaze.com/__cypress/runner/cypress_runner.js:18419:46)\nFrom Your Spec Code:\n    at HomePageAPI._waitForHomePageLoaded (webpack:///./cypress/support/HomePageAPI.js:16:11)\n    at HomePageAPI.getHomePageProduct (webpack:///./cypress/support/HomePageAPI.js:6:13)\n    at Context.eval (webpack:///./cypress/tests/components/ProductDetailTest.js:11:16)",
                "diff": null
              },
              "uuid": "31bd00aa-ebb2-4e86-baeb-69e17c3f3c3a",
              "parentUUID": "79a8b2a0-53f3-411c-ab4e-351cb41c1e2b",
              "isHook": false,
              "skipped": false
            }
          ],
          "suites": [],
          "passes": [],
          "failures": [
            "31bd00aa-ebb2-4e86-baeb-69e17c3f3c3a"
          ],
          "pending": [],
          "skipped": [],
          "duration": 7652,
          "root": false,
          "rootEmpty": false,
          "_timeout": 2000
        }
      ],
      "passes": [],
      "failures": [],
      "pending": [],
      "skipped": [],
      "duration": 0,
      "root": true,
      "rootEmpty": true,
      "_timeout": 2000
    }
  ],
  "meta": {
    "mocha": {
      "version": "7.0.1"
    },
    "mochawesome": {
      "options": {
        "quiet": false,
        "reportFilename": "mochawesome",
        "saveHtml": false,
        "saveJson": true,
        "consoleReporter": "spec",
        "useInlineDiffs": false,
        "code": true
      },
      "version": "7.1.3"
    },
    "marge": {
      "options": {
        "reportDir": "results",
        "overwrite": false,
        "html": false,
        "json": true
      },
      "version": "6.2.0"
    }
  }
}