{
  "stats": {
    "suites": 1,
    "tests": 2,
    "passes": 2,
    "pending": 0,
    "failures": 0,
    "start": "2023-05-12T07:53:16.750Z",
    "end": "2023-05-12T07:53:21.237Z",
    "duration": 4487,
    "testsRegistered": 2,
    "passPercent": 100,
    "pendingPercent": 0,
    "other": 0,
    "hasOther": false,
    "skipped": 0,
    "hasSkipped": false
  },
  "results": [
    {
      "uuid": "73cb783c-2061-42ce-8e04-e2c2d75f3d34",
      "title": "",
      "fullFile": "cypress\\tests\\signup\\SignUpTest.js",
      "file": "cypress\\tests\\signup\\SignUpTest.js",
      "beforeHooks": [],
      "afterHooks": [],
      "tests": [],
      "suites": [
        {
          "uuid": "97e4e4d9-b8b1-41ad-8180-3fdf13f783f5",
          "title": "Sign Up Test",
          "fullFile": "",
          "file": "",
          "beforeHooks": [],
          "afterHooks": [],
          "tests": [
            {
              "title": "should be able to create a new user",
              "fullTitle": "Sign Up Test should be able to create a new user",
              "timedOut": null,
              "duration": 3076,
              "state": "passed",
              "speed": "fast",
              "pass": true,
              "fail": false,
              "pending": false,
              "context": null,
              "code": "const {\n  username,\n  password\n} = SIGN_UP_CRED;\nsignUp(username, password);\ncy.on('window:alert', alert => {\n  expect(alert).to.contains(\"Sign up successful.\");\n});",
              "err": {},
              "uuid": "33ddaee5-e6a7-4967-a467-bec736fe1e0a",
              "parentUUID": "97e4e4d9-b8b1-41ad-8180-3fdf13f783f5",
              "isHook": false,
              "skipped": false
            },
            {
              "title": "should be able to see existing user",
              "fullTitle": "Sign Up Test should be able to see existing user",
              "timedOut": null,
              "duration": 1337,
              "state": "passed",
              "speed": "fast",
              "pass": true,
              "fail": false,
              "pending": false,
              "context": null,
              "code": "const {\n  password\n} = SIGN_UP_CRED;\nsignUp(\"tun\", password);\ncy.on('window:alert', alert => {\n  expect(alert).to.contains(\"This user already exist.\");\n});",
              "err": {},
              "uuid": "94e50572-6b56-456c-86d7-c7817b25c5f9",
              "parentUUID": "97e4e4d9-b8b1-41ad-8180-3fdf13f783f5",
              "isHook": false,
              "skipped": false
            }
          ],
          "suites": [],
          "passes": [
            "33ddaee5-e6a7-4967-a467-bec736fe1e0a",
            "94e50572-6b56-456c-86d7-c7817b25c5f9"
          ],
          "failures": [],
          "pending": [],
          "skipped": [],
          "duration": 4413,
          "root": false,
          "rootEmpty": false,
          "_timeout": 2000
        }
      ],
      "passes": [],
      "failures": [],
      "pending": [],
      "skipped": [],
      "duration": 0,
      "root": true,
      "rootEmpty": true,
      "_timeout": 2000
    }
  ],
  "meta": {
    "mocha": {
      "version": "7.0.1"
    },
    "mochawesome": {
      "options": {
        "quiet": false,
        "reportFilename": "mochawesome",
        "saveHtml": false,
        "saveJson": true,
        "consoleReporter": "spec",
        "useInlineDiffs": false,
        "code": true
      },
      "version": "7.1.3"
    },
    "marge": {
      "options": {
        "reportDir": "results",
        "overwrite": false,
        "html": false,
        "json": true
      },
      "version": "6.2.0"
    }
  }
}