{
  "stats": {
    "suites": 1,
    "tests": 2,
    "passes": 2,
    "pending": 0,
    "failures": 0,
    "start": "2023-05-12T07:52:07.431Z",
    "end": "2023-05-12T07:52:09.599Z",
    "duration": 2168,
    "testsRegistered": 2,
    "passPercent": 100,
    "pendingPercent": 0,
    "other": 0,
    "hasOther": false,
    "skipped": 0,
    "hasSkipped": false
  },
  "results": [
    {
      "uuid": "0c046bee-715c-4b72-8d90-4f8b6ece0eb8",
      "title": "",
      "fullFile": "cypress\\tests\\components\\HeaderTest.js",
      "file": "cypress\\tests\\components\\HeaderTest.js",
      "beforeHooks": [],
      "afterHooks": [],
      "tests": [],
      "suites": [
        {
          "uuid": "d26e838c-1e6a-4e9f-b08a-5b1117a92661",
          "title": "Header Component Test",
          "fullFile": "",
          "file": "",
          "beforeHooks": [],
          "afterHooks": [],
          "tests": [
            {
              "title": "Test for brand logo",
              "fullTitle": "Header Component Test Test for brand logo",
              "timedOut": null,
              "duration": 1380,
              "state": "passed",
              "speed": "fast",
              "pass": true,
              "fail": false,
              "pending": false,
              "context": null,
              "code": "headerComp.brandLogo().should('contain.text', BRAND_TEXT);\nheaderComp.brandLogoImg().should('be.visible');",
              "err": {},
              "uuid": "c0e3d528-1632-4936-b9bf-cb2d486a38fe",
              "parentUUID": "d26e838c-1e6a-4e9f-b08a-5b1117a92661",
              "isHook": false,
              "skipped": false
            },
            {
              "title": "Test for header menu",
              "fullTitle": "Header Component Test Test for header menu",
              "timedOut": null,
              "duration": 724,
              "state": "passed",
              "speed": "fast",
              "pass": true,
              "fail": false,
              "pending": false,
              "context": null,
              "code": "const expectedMenuDetails = [{\n  \"text\": \"Home (current)\",\n  \"href\": \"index.html\"\n}, {\n  \"text\": \"Contact\",\n  \"href\": \"#\"\n}, {\n  \"text\": \"About us\",\n  \"href\": \"#\"\n}, {\n  \"text\": \"Cart\",\n  \"href\": \"cart.html\"\n}, {\n  \"text\": \"Log in\",\n  \"href\": \"#\"\n}, {\n  \"text\": \"Sign up\",\n  \"href\": \"#\"\n}];\nheaderComp.getMenuDetails().then(actualMenuDetails => {\n  cy.wrap('').then(() => {\n    expect(actualMenuDetails).to.be.deep.equal(expectedMenuDetails);\n  });\n});",
              "err": {},
              "uuid": "83f16040-4d3a-46cc-b318-e07c5e731d3e",
              "parentUUID": "d26e838c-1e6a-4e9f-b08a-5b1117a92661",
              "isHook": false,
              "skipped": false
            }
          ],
          "suites": [],
          "passes": [
            "c0e3d528-1632-4936-b9bf-cb2d486a38fe",
            "83f16040-4d3a-46cc-b318-e07c5e731d3e"
          ],
          "failures": [],
          "pending": [],
          "skipped": [],
          "duration": 2104,
          "root": false,
          "rootEmpty": false,
          "_timeout": 2000
        }
      ],
      "passes": [],
      "failures": [],
      "pending": [],
      "skipped": [],
      "duration": 0,
      "root": true,
      "rootEmpty": true,
      "_timeout": 2000
    }
  ],
  "meta": {
    "mocha": {
      "version": "7.0.1"
    },
    "mochawesome": {
      "options": {
        "quiet": false,
        "reportFilename": "mochawesome",
        "saveHtml": false,
        "saveJson": true,
        "consoleReporter": "spec",
        "useInlineDiffs": false,
        "code": true
      },
      "version": "7.1.3"
    },
    "marge": {
      "options": {
        "reportDir": "results",
        "overwrite": false,
        "html": false,
        "json": true
      },
      "version": "6.2.0"
    }
  }
}